{
  "RSpec": {
    "coverage": {
      "/Users/francescofacca/Projects/school-results/spec/school_report_spec.rb": {
        "lines": [
          1,
          null,
          1,
          null,
          1,
          2,
          null,
          null,
          1,
          2,
          null,
          null,
          1,
          2,
          null,
          null,
          1,
          1,
          null,
          null,
          1,
          1,
          null,
          null,
          1,
          1,
          null,
          null
        ]
      },
      "/Users/francescofacca/Projects/school-results/lib/school_report.rb": {
        "lines": [
          1,
          null,
          1,
          null,
          6,
          null,
          4,
          null,
          3,
          null,
          3,
          null,
          3,
          6,
          null,
          null,
          3,
          4,
          null,
          null,
          null,
          null,
          null
        ]
      }
    },
    "timestamp": 1639069361
  }
}
